\BOOKMARK [0][-]{chapter.1}{\376\377\000C\000h\000a\000p\000t\000e\000r\000\040\0001\000:\000\040\000G\000e\000n\000e\000r\000a\000l\000\040\000I\000n\000t\000r\000o\000d\000u\000c\000t\000i\000o\000n}{}% 1
\BOOKMARK [-1][-]{part.1}{\376\377\000P\000a\000r\000t\000\040\000I\000\040\000F\000r\000o\000m\000\040\000P\000r\000i\000m\000o\000r\000d\000i\000a\000l\000\040\000P\000h\000y\000s\000i\000c\000s\000\040\000t\000o\000\040\000O\000b\000s\000e\000r\000v\000a\000t\000i\000o\000n\000a\000l\000\040\000S\000i\000g\000n\000a\000t\000u\000r\000e\000s\000\040\000v\000i\000a\000\040\000W\000a\000r\000m\000\040\000I\000n\000f\000l\000a\000t\000i\000o\000n}{}% 2
\BOOKMARK [0][-]{chapter*.6}{\376\377\000I\000n\000t\000r\000o\000d\000u\000c\000t\000i\000o\000n\000\040\000t\000o\000\040\000P\000a\000r\000t\000\040\000I}{part.1}% 3
\BOOKMARK [0][-]{chapter.2}{\376\377\000C\000h\000a\000p\000t\000e\000r\000\040\0002\000:\000\040\000C\000o\000n\000s\000t\000r\000a\000i\000n\000t\000s\000\040\000o\000n\000\040\000t\000h\000e\000\040\000S\000c\000a\000l\000a\000r\000-\000F\000i\000e\000l\000d\000\040\000P\000o\000t\000e\000n\000t\000i\000a\000l\000\040\000i\000n\000\040\000W\000a\000r\000m\000\040\000I\000n\000f\000l\000a\000t\000i\000o\000n}{part.1}% 4
\BOOKMARK [1][-]{section.2.1}{\376\377\000I\000n\000t\000r\000o\000d\000u\000c\000t\000i\000o\000n}{chapter.2}% 5
\BOOKMARK [1][-]{section.2.2}{\376\377\000B\000a\000c\000k\000g\000r\000o\000u\000n\000d\000\040\000o\000n\000\040\000W\000a\000r\000m\000\040\000I\000n\000f\000l\000a\000t\000i\000o\000n}{chapter.2}% 6
\BOOKMARK [1][-]{section.2.3}{\376\377\000F\000o\000r\000m\000u\000l\000a\000t\000i\000o\000n\000\040\000o\000f\000\040\000t\000h\000e\000\040\000p\000r\000o\000b\000l\000e\000m\000\040\000f\000o\000r\000\040\000w\000a\000r\000m\000\040\000i\000n\000f\000l\000a\000t\000i\000o\000n\000a\000r\000y\000\040\000m\000o\000d\000e\000l\000s}{chapter.2}% 7
\BOOKMARK [1][-]{section.2.4}{\376\377\000C\000o\000n\000s\000t\000r\000a\000i\000n\000t\000s\000\040\000o\000n\000\040\000w\000a\000r\000m\000\040\000i\000n\000f\000l\000a\000t\000i\000o\000n\000a\000r\000y\000\040\000m\000o\000d\000e\000l\000s}{chapter.2}% 8
\BOOKMARK [1][-]{section.2.5}{\376\377\000S\000u\000m\000m\000a\000r\000y}{chapter.2}% 9
\BOOKMARK [0][-]{chapter.3}{\376\377\000C\000h\000a\000p\000t\000e\000r\000\040\0003\000:\000\040\000O\000b\000s\000e\000r\000v\000a\000t\000i\000o\000n\000a\000l\000\040\000C\000o\000n\000s\000t\000r\000a\000i\000n\000t\000s\000\040\000o\000n\000\040\000W\000a\000r\000m\000\040\000N\000a\000t\000u\000r\000a\000l\000\040\000I\000n\000f\000l\000a\000t\000i\000o\000n}{part.1}% 10
\BOOKMARK [1][-]{section.3.1}{\376\377\000I\000n\000t\000r\000o\000d\000u\000c\000t\000i\000o\000n}{chapter.3}% 11
\BOOKMARK [1][-]{section.3.2}{\376\377\000T\000h\000e\000\040\000w\000a\000r\000m\000\040\000i\000n\000f\000l\000a\000t\000i\000o\000n\000\040\000s\000c\000e\000n\000a\000r\000i\000o\000\040}{chapter.3}% 12
\BOOKMARK [1][-]{section.3.3}{\376\377\000W\000a\000r\000m\000\040\000N\000a\000t\000u\000r\000a\000l\000\040\000I\000n\000f\000l\000a\000t\000i\000o\000n\000\040}{chapter.3}% 13
\BOOKMARK [1][-]{section.3.4}{\376\377\000R\000e\000s\000u\000l\000t\000s\000\040}{chapter.3}% 14
\BOOKMARK [1][-]{section.3.5}{\376\377\000S\000u\000m\000m\000a\000r\000y\000\040\000a\000n\000d\000\040\000f\000u\000t\000u\000r\000e\000\040\000o\000u\000t\000l\000o\000o\000k\000\040}{chapter.3}% 15
\BOOKMARK [1][-]{section.a.3.A}{\376\377\000E\000x\000i\000s\000t\000e\000n\000c\000e\000\040\000o\000f\000\040\000a\000\040\000s\000l\000o\000w\000-\000r\000o\000l\000l\000\040\000r\000e\000g\000i\000m\000e\000\040\000i\000n\000\040\000s\000t\000a\000n\000d\000a\000r\000d\000\040\000c\000o\000l\000d\000\040\000n\000a\000t\000u\000r\000a\000l\000\040\000i\000n\000f\000l\000a\000t\000i\000o\000n\000\040}{chapter.3}% 16
\BOOKMARK [0][-]{appendix.4}{\376\377\000C\000h\000a\000p\000t\000e\000r\000\040\0004\000:\000\040\000W\000a\000r\000m\000S\000P\000y\000:\000\040\000A\000\040\000N\000u\000m\000e\000r\000i\000c\000a\000l\000\040\000S\000t\000u\000d\000y\000\040\000o\000f\000\040\000C\000o\000s\000m\000o\000l\000o\000g\000i\000c\000a\000l\000\040\000P\000e\000r\000t\000u\000r\000b\000a\000t\000i\000o\000n\000s\000\040\000i\000n\000\040\000W\000a\000r\000m\000\040\000I\000n\000f\000l\000a\000t\000i\000o\000n}{part.1}% 17
\BOOKMARK [1][-]{section.4.1}{\376\377\000I\000n\000t\000r\000o\000d\000u\000c\000t\000i\000o\000n}{appendix.4}% 18
\BOOKMARK [1][-]{section.4.2}{\376\377\000B\000a\000c\000k\000g\000r\000o\000u\000n\000d\000\040\000e\000v\000o\000l\000u\000t\000i\000o\000n\000\040\000i\000n\000\040\000w\000a\000r\000m\000\040\000i\000n\000f\000l\000a\000t\000i\000o\000n\000\040}{appendix.4}% 19
\BOOKMARK [1][-]{section.4.3}{\376\377\000C\000o\000s\000m\000o\000l\000o\000g\000i\000c\000a\000l\000\040\000p\000e\000r\000t\000u\000r\000b\000a\000t\000i\000o\000n\000s\000\040\000i\000n\000\040\000w\000a\000r\000m\000\040\000i\000n\000f\000l\000a\000t\000i\000o\000n}{appendix.4}% 20
\BOOKMARK [1][-]{section.4.4}{\376\377\000C\000o\000d\000e\000\040\000i\000m\000p\000l\000e\000m\000e\000n\000t\000a\000t\000i\000o\000n\000\040}{appendix.4}% 21
\BOOKMARK [1][-]{section.4.5}{\376\377\000R\000e\000s\000u\000l\000t\000s\000\040}{appendix.4}% 22
\BOOKMARK [1][-]{section.4.6}{\376\377\000S\000u\000m\000m\000a\000r\000y\000\040\000\046\000\040\000C\000o\000n\000c\000l\000u\000s\000i\000o\000n}{appendix.4}% 23
\BOOKMARK [1][-]{section.b.4.A}{\376\377\000A\000d\000d\000i\000t\000i\000o\000n\000a\000l\000\040\000p\000l\000o\000t\000s\000\040}{appendix.4}% 24
\BOOKMARK [1][-]{section.b.4.B}{\376\377\000A\000u\000t\000o\000m\000a\000t\000e\000d\000\040\000i\000n\000i\000t\000i\000a\000l\000\040\000c\000o\000n\000d\000i\000t\000i\000o\000n\000s\000\040\000f\000o\000r\000\040\000t\000h\000e\000\040\000B\000a\000c\000k\000g\000r\000o\000u\000n\000d\000\040\000m\000o\000d\000u\000l\000e\000\040}{appendix.4}% 25
\BOOKMARK [0][-]{appendix.5}{\376\377\000C\000h\000a\000p\000t\000e\000r\000\040\0005\000:\000\040\000D\000e\000f\000y\000i\000n\000g\000\040\000E\000t\000e\000r\000n\000a\000l\000\040\000I\000n\000f\000l\000a\000t\000i\000o\000n\000\040\000i\000n\000\040\000W\000a\000r\000m\000\040\000I\000n\000f\000l\000a\000t\000i\000o\000n\000\040\000w\000i\000t\000h\000\040\000a\000\040\000N\000e\000g\000a\000t\000i\000v\000e\000\040\000R\000u\000n\000n\000i\000n\000g}{part.1}% 26
\BOOKMARK [1][-]{section.5.1}{\376\377\000I\000n\000t\000r\000o\000d\000u\000c\000t\000i\000o\000n}{appendix.5}% 27
\BOOKMARK [1][-]{section.5.2}{\376\377\000E\000t\000e\000r\000n\000a\000l\000\040\000I\000n\000f\000l\000a\000t\000i\000o\000n\000\040\000R\000e\000g\000i\000m\000e\000\040\000i\000n\000\040\000S\000t\000a\000n\000d\000a\000r\000d\000\040\000C\000o\000l\000d\000\040\000I\000n\000f\000l\000a\000t\000i\000o\000n\000\040}{appendix.5}% 28
\BOOKMARK [1][-]{section.5.3}{\376\377\000E\000t\000e\000r\000n\000a\000l\000\040\000I\000n\000f\000l\000a\000t\000i\000o\000n\000\040\000R\000e\000g\000i\000m\000e\000\040\000i\000n\000\040\000W\000a\000r\000m\000\040\000I\000n\000f\000l\000a\000t\000i\000o\000n}{appendix.5}% 29
\BOOKMARK [1][-]{section.5.4}{\376\377\000A\000n\000\040\000U\000p\000p\000e\000r\000\040\000B\000o\000u\000n\000d\000\040\000o\000n\000\040\000t\000h\000e\000\040\000R\000u\000n\000n\000i\000n\000g}{appendix.5}% 30
\BOOKMARK [1][-]{section.5.5}{\376\377\000C\000o\000n\000c\000l\000u\000s\000i\000o\000n\000s}{appendix.5}% 31
\BOOKMARK [0][-]{appendix.6}{\376\377\000C\000h\000a\000p\000t\000e\000r\000\040\0006\000:\000\040\000D\000a\000r\000k\000\040\000M\000a\000t\000t\000e\000r\000\040\000P\000r\000o\000d\000u\000c\000t\000i\000o\000n\000\040\000d\000u\000r\000i\000n\000g\000\040\000W\000a\000r\000m\000\040\000I\000n\000f\000l\000a\000t\000i\000o\000n\000\040\000v\000i\000a\000\040\000F\000r\000e\000e\000z\000e\000-\000I\000n}{part.1}% 32
\BOOKMARK [1][-]{section.6.1}{\376\377\000I\000n\000t\000r\000o\000d\000u\000c\000t\000i\000o\000n}{appendix.6}% 33
\BOOKMARK [1][-]{section.6.2}{\376\377\000G\000e\000n\000e\000r\000a\000l\000\040\000S\000e\000t\000u\000p}{appendix.6}% 34
\BOOKMARK [1][-]{section.6.3}{\376\377\000A\000\040\000R\000e\000p\000r\000e\000s\000e\000n\000t\000a\000t\000i\000v\000e\000\040\000E\000x\000a\000m\000p\000l\000e}{appendix.6}% 35
\BOOKMARK [1][-]{section.6.4}{\376\377\000D\000i\000s\000c\000u\000s\000s\000i\000o\000n\000\040\000a\000n\000d\000\040\000S\000u\000m\000m\000a\000r\000y}{appendix.6}% 36
\BOOKMARK [1][-]{section.6.5}{\376\377\000A\000p\000p\000e\000n\000d\000i\000x\000:\000\040\000S\000u\000p\000p\000l\000e\000m\000e\000n\000t\000a\000r\000y\000\040\000M\000a\000t\000e\000r\000i\000a\000l}{appendix.6}% 37
\BOOKMARK [0][-]{appendix.7}{\376\377\000C\000h\000a\000p\000t\000e\000r\000\040\0007\000:\000\040\000T\000h\000e\000r\000m\000a\000l\000\040\000G\000r\000a\000v\000i\000t\000o\000n\000s\000\040\000f\000r\000o\000m\000\040\000W\000a\000r\000m\000\040\000I\000n\000f\000l\000a\000t\000i\000o\000n}{part.1}% 38
\BOOKMARK [1][-]{section.7.1}{\376\377\000I\000n\000t\000r\000o\000d\000u\000c\000t\000i\000o\000n}{appendix.7}% 39
\BOOKMARK [1][-]{section.7.2}{\376\377\000W\000a\000r\000m\000\040\000I\000n\000f\000l\000a\000t\000i\000o\000n\000:\000\040\000A\000\040\000B\000r\000i\000e\000f\000\040\000R\000e\000v\000i\000e\000w}{appendix.7}% 40
\BOOKMARK [1][-]{section.7.3}{\376\377\000T\000h\000e\000r\000m\000a\000l\000\040\000G\000r\000a\000v\000i\000t\000o\000n\000\040\000P\000r\000o\000d\000u\000c\000t\000i\000o\000n}{appendix.7}% 41
\BOOKMARK [1][-]{section.7.4}{\376\377\000O\000b\000s\000e\000r\000v\000a\000t\000i\000o\000n\000a\000l\000\040\000I\000m\000p\000l\000i\000c\000a\000t\000i\000o\000n\000s\000\040\000a\000n\000d\000\040\000C\000o\000n\000s\000t\000r\000a\000i\000n\000t\000s}{appendix.7}% 42
\BOOKMARK [1][-]{section.7.5}{\376\377\000C\000o\000n\000c\000l\000u\000s\000i\000o\000n\000s}{appendix.7}% 43
\BOOKMARK [1][-]{section.7.6}{\376\377\000A\000p\000p\000e\000n\000d\000i\000x\000:\000\040\000C\000o\000n\000s\000t\000r\000a\000i\000n\000t\000s\000\040\000o\000n\000\040\000t\000h\000e\000\040\000t\000h\000e\000r\000m\000a\000l\000\040\000G\000W\000\040\000s\000p\000e\000c\000t\000r\000u\000m\000\040\000i\000n\000\040\000a\000\040\000m\000i\000n\000i\000m\000a\000l\000\040\000W\000I\000\040\000s\000e\000t\000t\000i\000n\000g}{appendix.7}% 44
\BOOKMARK [0][-]{appendix*.32}{\376\377\000C\000o\000n\000c\000l\000u\000s\000i\000o\000n\000s\000\040\000o\000f\000\040\000P\000a\000r\000t\000\040\000I}{part.1}% 45
\BOOKMARK [-1][-]{part.2}{\376\377\000P\000a\000r\000t\000\040\000I\000I\000\040\000P\000r\000o\000b\000i\000n\000g\000\040\000t\000h\000e\000\040\000D\000a\000r\000k\000\040\000U\000n\000i\000v\000e\000r\000s\000e\000\040\000w\000i\000t\000h\000\040\000C\000o\000s\000m\000o\000l\000o\000g\000i\000c\000a\000l\000\040\000a\000n\000d\000\040\000T\000e\000r\000r\000e\000s\000t\000r\000i\000a\000l\000\040\000O\000b\000s\000e\000r\000v\000a\000t\000i\000o\000n\000s}{}% 46
\BOOKMARK [0][-]{appendix*.33}{\376\377\000I\000n\000t\000r\000o\000d\000u\000c\000t\000i\000o\000n\000\040\000t\000o\000\040\000P\000a\000r\000t\000\040\000I\000I}{part.2}% 47
\BOOKMARK [0][-]{appendix.8}{\376\377\000C\000h\000a\000p\000t\000e\000r\000\040\0008\000:\000\040\000M\000i\000n\000i\000m\000a\000l\000\040\000D\000a\000r\000k\000\040\000M\000a\000t\000t\000e\000r\000\040\000F\000r\000e\000e\000z\000e\000-\000i\000n\000\040\000w\000i\000t\000h\000\040\000L\000o\000w\000\040\000R\000e\000h\000e\000a\000t\000i\000n\000g\000\040\000T\000e\000m\000p\000e\000r\000a\000t\000u\000r\000e\000s\000\040\000a\000n\000d\000\040\000I\000m\000p\000l\000i\000c\000a\000t\000i\000o\000n\000s\000\040\000f\000o\000r\000\040\000D\000i\000r\000e\000c\000t\000\040\000D\000e\000t\000e\000c\000t\000i\000o\000n}{part.2}% 48
\BOOKMARK [1][-]{section.8.1}{\376\377\000I\000n\000t\000r\000o\000d\000u\000c\000t\000i\000o\000n}{appendix.8}% 49
\BOOKMARK [1][-]{section.8.2}{\376\377\000G\000e\000n\000e\000r\000a\000l\000\040\000S\000e\000t\000-\000U\000p}{appendix.8}% 50
\BOOKMARK [1][-]{section.8.3}{\376\377\000I\000m\000p\000a\000c\000t\000\040\000o\000f\000\040\000L\000o\000w\000\040\000R\000e\000h\000e\000a\000t\000i\000n\000g\000\040\000T\000e\000m\000p\000e\000r\000a\000t\000u\000r\000e\000s}{appendix.8}% 51
\BOOKMARK [1][-]{section.8.4}{\376\377\000I\000m\000p\000l\000i\000c\000a\000t\000i\000o\000n\000s\000\040\000f\000o\000r\000\040\000D\000i\000r\000e\000c\000t\000\040\000D\000e\000t\000e\000c\000t\000i\000o\000n}{appendix.8}% 52
\BOOKMARK [1][-]{section.8.5}{\376\377\000D\000i\000s\000c\000u\000s\000s\000i\000o\000n}{appendix.8}% 53
\BOOKMARK [0][-]{appendix.9}{\376\377\000C\000h\000a\000p\000t\000e\000r\000\040\0009\000:\000\040\000C\000M\000B\000\040\000C\000o\000n\000s\000t\000r\000a\000i\000n\000t\000s\000\040\000o\000n\000\040\000L\000o\000o\000p\000-\000I\000n\000d\000u\000c\000e\000d\000\040\000D\000e\000c\000a\000y\000s\000\040\000o\000f\000\040\000L\000e\000p\000t\000o\000p\000h\000i\000l\000i\000c\000\040\000D\000a\000r\000k\000\040\000M\000a\000t\000t\000e\000r}{part.2}% 54
\BOOKMARK [1][-]{section.9.1}{\376\377\000I\000n\000t\000r\000o\000d\000u\000c\000t\000i\000o\000n}{appendix.9}% 55
\BOOKMARK [1][-]{section.9.2}{\376\377\000M\000o\000d\000e\000l\000s}{appendix.9}% 56
\BOOKMARK [1][-]{section.9.3}{\376\377\000E\000n\000e\000r\000g\000y\000\040\000i\000n\000j\000e\000c\000t\000i\000o\000n\000\040\000a\000n\000d\000\040\000d\000e\000p\000o\000s\000i\000t\000i\000o\000n}{appendix.9}% 57
\BOOKMARK [1][-]{section.9.4}{\376\377\000A\000n\000a\000l\000y\000s\000i\000s}{appendix.9}% 58
\BOOKMARK [1][-]{section.9.5}{\376\377\000R\000e\000s\000u\000l\000t\000s}{appendix.9}% 59
\BOOKMARK [1][-]{section.9.6}{\376\377\000C\000o\000m\000p\000a\000r\000i\000s\000o\000n\000\040\000w\000i\000t\000h\000\040\000o\000t\000h\000e\000r\000\040\000c\000o\000n\000s\000t\000r\000a\000i\000n\000t\000s}{appendix.9}% 60
\BOOKMARK [1][-]{section.9.7}{\376\377\000C\000o\000n\000c\000l\000u\000s\000i\000o\000n\000s}{appendix.9}% 61
\BOOKMARK [1][-]{section.c.9.A}{\376\377\000C\000o\000s\000m\000o\000l\000o\000g\000y\000\040\000D\000e\000p\000e\000n\000d\000e\000n\000c\000e\000\040\000o\000f\000\040\000t\000h\000e\000\040\000e\000n\000e\000r\000g\000y\000\040\000d\000e\000p\000o\000s\000i\000t\000i\000o\000n\000\040\000f\000u\000n\000c\000t\000i\000o\000n\000s}{appendix.9}% 62
\BOOKMARK [1][-]{section.c.9.B}{\376\377\000P\000o\000s\000t\000e\000r\000i\000o\000r\000\040\000D\000i\000s\000t\000r\000i\000b\000u\000t\000i\000o\000n\000s\000\040\000a\000n\000d\000\040\000P\000a\000r\000a\000m\000e\000t\000e\000r\000\040\000D\000e\000g\000e\000n\000e\000r\000a\000c\000i\000e\000s}{appendix.9}% 63
\BOOKMARK [0][-]{appendix.10}{\376\377\000C\000h\000a\000p\000t\000e\000r\000\040\0001\0000\000:\000\040\000D\000o\000e\000s\000\040\000M\000e\000m\000o\000r\000y\000\040\000B\000u\000r\000d\000e\000n\000\040\000O\000p\000e\000n\000\040\000a\000\040\000N\000e\000w\000\040\000M\000a\000s\000s\000\040\000W\000i\000n\000d\000o\000w\000\040\000f\000o\000r\000\040\000P\000r\000i\000m\000o\000r\000d\000i\000a\000l\000\040\000B\000l\000a\000c\000k\000\040\000H\000o\000l\000e\000s\000\040\000a\000s\000\040\000D\000a\000r\000k\000\040\000M\000a\000t\000t\000e\000r\000?}{part.2}% 64
\BOOKMARK [1][-]{section.10.1}{\376\377\000I\000n\000t\000r\000o\000d\000u\000c\000t\000i\000o\000n}{appendix.10}% 65
\BOOKMARK [1][-]{section.10.2}{\376\377\000M\000e\000m\000o\000r\000y\000\040\000B\000u\000r\000d\000e\000n\000\040\000a\000n\000d\000\040\000P\000r\000i\000m\000o\000r\000d\000i\000a\000l\000\040\000B\000l\000a\000c\000k\000\040\000H\000o\000l\000e\000s}{appendix.10}% 66
\BOOKMARK [1][-]{section.10.3}{\376\377\000C\000o\000n\000s\000t\000r\000a\000i\000n\000t\000s\000\040\000f\000r\000o\000m\000\040\000B\000B\000N\000\040\000a\000n\000d\000\040\000t\000h\000e\000\040\000C\000M\000B}{appendix.10}% 67
\BOOKMARK [1][-]{section.10.4}{\376\377\000E\000a\000r\000l\000y\000\040\000O\000n\000s\000e\000t\000\040\000M\000e\000m\000o\000r\000y\000\040\000B\000u\000r\000d\000e\000n}{appendix.10}% 68
\BOOKMARK [1][-]{section.10.5}{\376\377\000S\000u\000m\000m\000a\000r\000y\000\040\000a\000n\000d\000\040\000C\000o\000n\000c\000l\000u\000s\000i\000o\000n\000s}{appendix.10}% 69
\BOOKMARK [1][-]{section.d.10.A}{\376\377\000M\000e\000t\000h\000o\000d\000o\000l\000o\000g\000y}{appendix.10}% 70
\BOOKMARK [1][-]{section.d.10.B}{\376\377\000R\000e\000s\000u\000l\000t\000s\000\040\000f\000o\000r\000\040\000O\000t\000h\000e\000r\000\040\000C\000h\000o\000i\000c\000e\000s\000\040\000o\000f\000\040\000q\000,\000\040\003\264\000,\000\040\000a\000n\000d\000\040\000k}{appendix.10}% 71
\BOOKMARK [1][-]{section.d.10.C}{\376\377\000E\000a\000r\000l\000y\000\040\000O\000n\000s\000e\000t\000\040\000M\000e\000m\000o\000r\000y\000\040\000B\000u\000r\000d\000e\000n}{appendix.10}% 72
\BOOKMARK [0][-]{appendix.11}{\376\377\000C\000h\000a\000p\000t\000e\000r\000\040\0001\0001\000:\000\040\000H\000o\000w\000\040\000T\000h\000e\000o\000r\000y\000-\000I\000n\000f\000o\000r\000m\000e\000d\000\040\000P\000r\000i\000o\000r\000s\000\040\000A\000f\000f\000e\000c\000t\000\040\000D\000E\000S\000I\000\040\000E\000v\000i\000d\000e\000n\000c\000e\000\040\000f\000o\000r\000\040\000E\000v\000o\000l\000v\000i\000n\000g\000\040\000D\000a\000r\000k\000\040\000E\000n\000e\000r\000g\000y}{part.2}% 73
\BOOKMARK [1][-]{section.11.1}{\376\377\000I\000n\000t\000r\000o\000d\000u\000c\000t\000i\000o\000n}{appendix.11}% 74
\BOOKMARK [1][-]{section.11.2}{\376\377\000C\000o\000n\000s\000t\000r\000u\000c\000t\000i\000n\000g\000\040\000T\000h\000e\000o\000r\000y\000-\000I\000n\000f\000o\000r\000m\000e\000d\000\040\000P\000r\000i\000o\000r\000s}{appendix.11}% 75
\BOOKMARK [1][-]{section.11.3}{\376\377\000A\000n\000a\000l\000y\000s\000i\000s\000\040\000\046\000\040\000D\000a\000t\000a\000\040\000s\000e\000t\000s}{appendix.11}% 76
\BOOKMARK [1][-]{section.11.4}{\376\377\000U\000p\000d\000a\000t\000e\000d\000\040\000C\000M\000B\000,\000\040\000B\000A\000O\000\040\000c\000o\000n\000s\000t\000r\000a\000i\000n\000t\000s\000\040\000w\000i\000t\000h\000\040\000p\000h\000y\000s\000i\000c\000a\000l\000\040\000p\000r\000i\000o\000r}{appendix.11}% 77
\BOOKMARK [1][-]{section.11.5}{\376\377\000D\000i\000s\000c\000u\000s\000s\000i\000o\000n\000\040\000\046\000\040\000C\000o\000n\000c\000l\000u\000s\000i\000o\000n}{appendix.11}% 78
\BOOKMARK [1][-]{section.e.11.A}{\376\377\000N\000o\000r\000m\000a\000l\000i\000z\000i\000n\000g\000\040\000F\000l\000o\000w\000\040\000A\000r\000c\000h\000i\000t\000e\000c\000t\000u\000r\000e\000\040\000\046\000\040\000T\000r\000a\000i\000n\000i\000n\000g}{appendix.11}% 79
\BOOKMARK [1][-]{section.e.11.B}{\376\377\000M\000a\000p\000p\000i\000n\000g\000\040\000t\000o\000\040\000\050\000w\0000\000,\000\040\000w\000a\000\051\000\040\000f\000o\000r\000\040\000E\000x\000p\000o\000n\000e\000n\000t\000i\000a\000l\000\040\000Q\000u\000i\000n\000t\000e\000s\000s\000e\000n\000c\000e}{appendix.11}% 80
\BOOKMARK [1][-]{section.e.11.C}{\376\377\000C\000o\000m\000p\000r\000e\000h\000e\000n\000s\000i\000v\000e\000\040\000S\000u\000m\000m\000a\000r\000y\000\040\000o\000f\000\040\000C\000o\000s\000m\000o\000l\000o\000g\000i\000c\000a\000l\000\040\000C\000o\000n\000s\000t\000r\000a\000i\000n\000t\000s}{appendix.11}% 81
\BOOKMARK [0][-]{appendix*.61}{\376\377\000C\000o\000n\000c\000l\000u\000s\000i\000o\000n\000s\000\040\000o\000f\000\040\000P\000a\000r\000t\000\040\000I\000I}{part.2}% 82
\BOOKMARK [-1][-]{part.3}{\376\377\000P\000a\000r\000t\000\040\000I\000I\000I\000\040\000C\000o\000s\000m\000o\000l\000o\000g\000i\000c\000a\000l\000\040\000P\000r\000o\000b\000e\000s\000\040\000o\000f\000\040\000N\000e\000u\000t\000r\000i\000n\000o\000s\000\040\000a\000n\000d\000\040\000F\000r\000e\000e\000-\000S\000t\000r\000e\000a\000m\000i\000n\000g\000\040\000R\000a\000d\000i\000a\000t\000i\000o\000n}{}% 83
\BOOKMARK [0][-]{appendix*.62}{\376\377\000I\000n\000t\000r\000o\000d\000u\000c\000t\000i\000o\000n\000\040\000t\000o\000\040\000P\000a\000r\000t\000\040\000I\000I\000I}{part.3}% 84
\BOOKMARK [0][-]{appendix.12}{\376\377\000C\000h\000a\000p\000t\000e\000r\000\040\0001\0002\000:\000\040\000F\000r\000e\000e\000-\000S\000t\000r\000e\000a\000m\000i\000n\000g\000\040\000N\000e\000u\000t\000r\000i\000n\000o\000s\000\040\000a\000n\000d\000\040\000T\000h\000e\000i\000r\000\040\000P\000h\000a\000s\000e\000\040\000S\000h\000i\000f\000t\000\040\000i\000n\000\040\000C\000u\000r\000r\000e\000n\000t\000\040\000a\000n\000d\000\040\000F\000u\000t\000u\000r\000e\000\040\000C\000M\000B\000\040\000P\000o\000w\000e\000r\000\040\000S\000p\000e\000c\000t\000r\000a}{part.3}% 85
\BOOKMARK [1][-]{section.12.1}{\376\377\000I\000n\000t\000r\000o\000d\000u\000c\000t\000i\000o\000n}{appendix.12}% 86
\BOOKMARK [1][-]{section.12.2}{\376\377\000F\000r\000e\000e\000-\000S\000t\000r\000e\000a\000m\000i\000n\000g\000\040\000N\000e\000u\000t\000r\000i\000n\000o\000s\000\040\000i\000n\000\040\000t\000h\000e\000\040\000C\000M\000B}{appendix.12}% 87
\BOOKMARK [1][-]{section.12.3}{\376\377\000D\000a\000t\000a\000\040\000A\000n\000a\000l\000y\000s\000e\000s\000\040\000a\000n\000d\000\040\000F\000o\000r\000e\000c\000a\000s\000t\000s}{appendix.12}% 88
\BOOKMARK [1][-]{section.12.4}{\376\377\000C\000o\000n\000c\000l\000u\000s\000i\000o\000n\000s\000\040\000a\000n\000d\000\040\000O\000u\000t\000l\000o\000o\000k}{appendix.12}% 89
\BOOKMARK [1][-]{section.f.12.A}{\376\377\000F\000u\000r\000t\000h\000e\000r\000\040\000V\000a\000l\000i\000d\000a\000t\000i\000o\000n\000\040\000o\000f\000\040\000t\000h\000e\000\040\000A\000n\000a\000l\000y\000s\000i\000s\000\040\000P\000i\000p\000e\000l\000i\000n\000e}{appendix.12}% 90
\BOOKMARK [1][-]{section.f.12.B}{\376\377\000C\000o\000m\000p\000r\000e\000h\000e\000n\000s\000i\000v\000e\000\040\000A\000n\000a\000l\000y\000s\000i\000s\000\040\000R\000e\000s\000u\000l\000t\000s}{appendix.12}% 91
\BOOKMARK [1][-]{section.f.12.C}{\376\377\000D\000e\000t\000a\000i\000l\000s\000\040\000o\000n\000\040\000t\000h\000e\000\040\000F\000o\000r\000e\000c\000a\000s\000t\000s}{appendix.12}% 92
\BOOKMARK [0][-]{appendix.13}{\376\377\000C\000h\000a\000p\000t\000e\000r\000\040\0001\0003\000:\000\040\000D\000i\000r\000e\000c\000t\000l\000y\000\040\000P\000r\000o\000b\000i\000n\000g\000\040\000N\000e\000u\000t\000r\000i\000n\000o\000\040\000I\000n\000t\000e\000r\000a\000c\000t\000i\000o\000n\000s\000\040\000t\000h\000r\000o\000u\000g\000h\000\040\000C\000M\000B\000\040\000P\000h\000a\000s\000e\000\040\000S\000h\000i\000f\000t\000\040\000M\000e\000a\000s\000u\000r\000e\000m\000e\000n\000t\000s}{part.3}% 93
\BOOKMARK [1][-]{section.13.1}{\376\377\000I\000n\000t\000r\000o\000d\000u\000c\000t\000i\000o\000n}{appendix.13}% 94
\BOOKMARK [1][-]{section.13.2}{\376\377\000P\000h\000a\000s\000e\000\040\000S\000h\000i\000f\000t\000\040\000S\000i\000g\000n\000a\000t\000u\000r\000e\000s\000\040\000o\000f\000\040\000N\000e\000u\000t\000r\000i\000n\000o\000\040\000I\000n\000t\000e\000r\000a\000c\000t\000i\000o\000n\000s}{appendix.13}% 95
\BOOKMARK [1][-]{section.13.3}{\376\377\000C\000o\000n\000s\000t\000r\000a\000i\000n\000t\000s\000\040\000f\000r\000o\000m\000\040\000c\000u\000r\000r\000e\000n\000t\000\040\000C\000M\000B\000\040\000o\000b\000s\000e\000r\000v\000a\000t\000i\000o\000n\000s}{appendix.13}% 96
\BOOKMARK [1][-]{section.13.4}{\376\377\000D\000i\000s\000c\000u\000s\000s\000i\000o\000n\000\040\000\046\000\040\000S\000u\000m\000m\000a\000r\000y}{appendix.13}% 97
\BOOKMARK [1][-]{section.g.13.A}{\376\377\000C\000L\000A\000S\000S\000-\000b\000a\000s\000e\000d\000\040\000i\000m\000p\000l\000e\000m\000e\000n\000t\000a\000t\000i\000o\000n\000\040\000o\000f\000\040\000n\000e\000u\000t\000r\000i\000n\000o\000\040\000i\000n\000t\000e\000r\000a\000c\000t\000i\000o\000n\000s}{appendix.13}% 98
\BOOKMARK [1][-]{section.g.13.B}{\376\377\000P\000h\000a\000s\000e\000-\000s\000h\000i\000f\000t\000\040\000t\000e\000m\000p\000l\000a\000t\000e\000\040\000e\000x\000t\000r\000a\000c\000t\000i\000o\000n\000\040\000a\000n\000d\000\040\000v\000a\000l\000i\000d\000a\000t\000i\000o\000n}{appendix.13}% 99
\BOOKMARK [1][-]{section.g.13.C}{\376\377\000C\000o\000m\000p\000a\000r\000i\000s\000o\000n\000\040\000o\000f\000\040\000d\000i\000r\000e\000c\000t\000-\000p\000h\000a\000s\000e\000-\000s\000h\000i\000f\000t\000\040\000m\000e\000a\000s\000u\000r\000e\000m\000e\000n\000t\000\040\000m\000e\000t\000h\000o\000d\000s}{appendix.13}% 100
\BOOKMARK [1][-]{section.g.13.D}{\376\377\000A\000d\000d\000i\000t\000i\000o\000n\000a\000l\000\040\000d\000a\000t\000a\000\040\000a\000n\000a\000l\000y\000s\000e\000s}{appendix.13}% 101
\BOOKMARK [0][-]{appendix.14}{\376\377\000C\000h\000a\000p\000t\000e\000r\000\040\0001\0004\000:\000\040\000T\000r\000a\000c\000i\000n\000g\000\040\000t\000h\000e\000\040\000N\000e\000u\000t\000r\000i\000n\000o\000-\000I\000n\000d\000u\000c\000e\000d\000\040\000P\000h\000a\000s\000e\000\040\000S\000h\000i\000f\000t\000\040\000i\000n\000\040\000t\000h\000e\000\040\0002\0001\000-\000c\000m\000\040\000S\000p\000e\000c\000t\000r\000u\000m}{part.3}% 102
\BOOKMARK [1][-]{section.14.1}{\376\377\000I\000n\000t\000r\000o\000d\000u\000c\000t\000i\000o\000n}{appendix.14}% 103
\BOOKMARK [1][-]{section.14.2}{\376\377\000F\000r\000e\000e\000-\000s\000t\000r\000e\000a\000m\000i\000n\000g\000\040\000N\000e\000u\000t\000r\000i\000n\000o\000s\000\040\000a\000n\000d\000\040\000t\000h\000e\000\040\000P\000h\000a\000s\000e\000\040\000S\000h\000i\000f\000t}{appendix.14}% 104
\BOOKMARK [1][-]{section.14.3}{\376\377\000T\000h\000e\000\040\0002\0001\000-\000c\000m\000\040\000S\000i\000g\000n\000a\000l\000\040\000a\000n\000d\000\040\000i\000t\000s\000\040\000A\000c\000o\000u\000s\000t\000i\000c\000\040\000F\000e\000a\000t\000u\000r\000e\000s}{appendix.14}% 105
\BOOKMARK [1][-]{section.14.4}{\376\377\000E\000x\000t\000r\000a\000c\000t\000i\000n\000g\000\040\000t\000h\000e\000\040\000P\000h\000a\000s\000e\000\040\000S\000h\000i\000f\000t\000\040\000i\000n\000\040\000t\000h\000e\000\040\0002\0001\000-\000c\000m\000\040\000p\000o\000w\000e\000r\000\040\000s\000p\000e\000c\000t\000r\000u\000m}{appendix.14}% 106
\BOOKMARK [1][-]{section.14.5}{\376\377\000D\000i\000s\000c\000u\000s\000s\000i\000o\000n\000\040\000\046\000\040\000C\000o\000n\000c\000l\000u\000s\000i\000o\000n\000s}{appendix.14}% 107
\BOOKMARK [1][-]{section.h.14.A}{\376\377\000E\000x\000t\000e\000n\000d\000e\000d\000\040\000T\000e\000s\000t\000s}{appendix.14}% 108
\BOOKMARK [0][-]{appendix*.112}{\376\377\000C\000o\000n\000c\000l\000u\000s\000i\000o\000n\000s\000\040\000o\000f\000\040\000P\000a\000r\000t\000\040\000I\000I\000I}{part.3}% 109
\BOOKMARK [0][-]{appendix.15}{\376\377\000C\000h\000a\000p\000t\000e\000r\000\040\0001\0005\000:\000\040\000C\000o\000n\000c\000l\000u\000s\000i\000o\000n\000s\000\040\000a\000n\000d\000\040\000O\000u\000t\000l\000o\000o\000k}{part.3}% 110
\BOOKMARK [0][-]{appendix.15}{\376\377\000R\000e\000f\000e\000r\000e\000n\000c\000e\000s}{part.3}% 111
